a:\raul\bibliotecas\repositorio\c plus plus\graficas2_proyecto\v1dx11rr\x64\debug\vc143.pdb
a:\raul\bibliotecas\repositorio\c plus plus\graficas2_proyecto\v1dx11rr\x64\debug\vc143.idb
a:\raul\bibliotecas\repositorio\c plus plus\graficas2_proyecto\v1dx11rr\x64\debug\xact3util.obj
a:\raul\bibliotecas\repositorio\c plus plus\graficas2_proyecto\v1dx11rr\x64\debug\terrenoskybill.obj
a:\raul\bibliotecas\repositorio\c plus plus\graficas2_proyecto\v1dx11rr\x64\debug\loadmodel.obj
a:\raul\bibliotecas\repositorio\c plus plus\graficas2_proyecto\v1dx11rr\x64\debug\gameresource.obj
a:\raul\bibliotecas\repositorio\c plus plus\graficas2_proyecto\x64\debug\billboard.cso
a:\raul\bibliotecas\repositorio\c plus plus\graficas2_proyecto\x64\debug\modelo.cso
a:\raul\bibliotecas\repositorio\c plus plus\graficas2_proyecto\x64\debug\terrenoskybill.exe
a:\raul\bibliotecas\repositorio\c plus plus\graficas2_proyecto\v1dx11rr\x64\debug\terrenoskybill.ilk
a:\raul\bibliotecas\repositorio\c plus plus\graficas2_proyecto\x64\debug\terrenoskybill.pdb
a:\raul\bibliotecas\repositorio\c plus plus\graficas2_proyecto\v1dx11rr\x64\debug\terrenoskybill.tlog\cl.command.1.tlog
a:\raul\bibliotecas\repositorio\c plus plus\graficas2_proyecto\v1dx11rr\x64\debug\terrenoskybill.tlog\cl.read.1.tlog
a:\raul\bibliotecas\repositorio\c plus plus\graficas2_proyecto\v1dx11rr\x64\debug\terrenoskybill.tlog\cl.write.1.tlog
a:\raul\bibliotecas\repositorio\c plus plus\graficas2_proyecto\v1dx11rr\x64\debug\terrenoskybill.tlog\fxc.command.1.tlog
a:\raul\bibliotecas\repositorio\c plus plus\graficas2_proyecto\v1dx11rr\x64\debug\terrenoskybill.tlog\fxc.read.1.tlog
a:\raul\bibliotecas\repositorio\c plus plus\graficas2_proyecto\v1dx11rr\x64\debug\terrenoskybill.tlog\fxc.write.1.tlog
a:\raul\bibliotecas\repositorio\c plus plus\graficas2_proyecto\v1dx11rr\x64\debug\terrenoskybill.tlog\link.command.1.tlog
a:\raul\bibliotecas\repositorio\c plus plus\graficas2_proyecto\v1dx11rr\x64\debug\terrenoskybill.tlog\link.read.1.tlog
a:\raul\bibliotecas\repositorio\c plus plus\graficas2_proyecto\v1dx11rr\x64\debug\terrenoskybill.tlog\link.write.1.tlog
